<?xml version="1.0" encoding="UTF-8"?>
<!-- Generated by org.testng.reporters.JUnitReportReporter -->
<testsuite hostname="Sani" failures="0" tests="1" name="Demo.SampleTest" time="0.012" errors="0" timestamp="2024-10-15T15:11:45 IST" skipped="0">
  <testcase classname="Demo.SampleTest" name="m1" time="0.012"/>
</testsuite> <!-- Demo.SampleTest -->
